CRITICAL - 2024-04-29 17:20:10 --> The route for "home/step-2" cannot be found.
in SYSTEMPATH/HTTP/RedirectResponse.php on line 60.
 1 SYSTEMPATH/HTTP/RedirectResponse.php(60): CodeIgniter\HTTP\Exceptions\HTTPException::forInvalidRedirectRoute('home/step-2')
 2 SYSTEMPATH/Common.php(876): CodeIgniter\HTTP\RedirectResponse->route(false)
 3 APPPATH/Controllers/Home.php(19): redirect('home/step-2')
 4 SYSTEMPATH/CodeIgniter.php(932): App\Controllers\Home->submitStep1()
 5 SYSTEMPATH/CodeIgniter.php(497): CodeIgniter\CodeIgniter->runController(Object(App\Controllers\Home))
 6 SYSTEMPATH/CodeIgniter.php(366): CodeIgniter\CodeIgniter->handleRequest(null, Object(Config\Cache), false)
 7 FCPATH/index.php(67): CodeIgniter\CodeIgniter->run()
CRITICAL - 2024-04-29 17:23:21 --> App\Controllers\Home::submitStep1(): Return value must be of type string, none returned
in APPPATH/Controllers/Home.php on line 20.
 1 SYSTEMPATH/CodeIgniter.php(932): App\Controllers\Home->submitStep1()
 2 SYSTEMPATH/CodeIgniter.php(497): CodeIgniter\CodeIgniter->runController(Object(App\Controllers\Home))
 3 SYSTEMPATH/CodeIgniter.php(366): CodeIgniter\CodeIgniter->handleRequest(null, Object(Config\Cache), false)
 4 FCPATH/index.php(67): CodeIgniter\CodeIgniter->run()
CRITICAL - 2024-04-29 17:24:38 --> Undefined property: App\Controllers\Home::$load
in APPPATH/Controllers/Home.php on line 19.
 1 APPPATH/Controllers/Home.php(19): CodeIgniter\Debug\Exceptions->errorHandler(2, 'Undefined property: App\\Controllers\\Home::$load', '/Applications/MAMP/htdocs/safer-delivery/app/Controllers/Home.php', 19)
 2 SYSTEMPATH/CodeIgniter.php(932): App\Controllers\Home->submitStep1()
 3 SYSTEMPATH/CodeIgniter.php(497): CodeIgniter\CodeIgniter->runController(Object(App\Controllers\Home))
 4 SYSTEMPATH/CodeIgniter.php(366): CodeIgniter\CodeIgniter->handleRequest(null, Object(Config\Cache), false)
 5 FCPATH/index.php(67): CodeIgniter\CodeIgniter->run()
CRITICAL - 2024-04-29 17:26:47 --> Undefined property: App\Controllers\Home::$load
in APPPATH/Controllers/Home.php on line 19.
 1 APPPATH/Controllers/Home.php(19): CodeIgniter\Debug\Exceptions->errorHandler(2, 'Undefined property: App\\Controllers\\Home::$load', '/Applications/MAMP/htdocs/safer-delivery/app/Controllers/Home.php', 19)
 2 SYSTEMPATH/CodeIgniter.php(932): App\Controllers\Home->submitStep1()
 3 SYSTEMPATH/CodeIgniter.php(497): CodeIgniter\CodeIgniter->runController(Object(App\Controllers\Home))
 4 SYSTEMPATH/CodeIgniter.php(366): CodeIgniter\CodeIgniter->handleRequest(null, Object(Config\Cache), false)
 5 FCPATH/index.php(67): CodeIgniter\CodeIgniter->run()
CRITICAL - 2024-04-29 17:26:53 --> Undefined property: App\Controllers\Home::$load
in APPPATH/Controllers/Home.php on line 19.
 1 APPPATH/Controllers/Home.php(19): CodeIgniter\Debug\Exceptions->errorHandler(2, 'Undefined property: App\\Controllers\\Home::$load', '/Applications/MAMP/htdocs/safer-delivery/app/Controllers/Home.php', 19)
 2 SYSTEMPATH/CodeIgniter.php(932): App\Controllers\Home->submitStep1()
 3 SYSTEMPATH/CodeIgniter.php(497): CodeIgniter\CodeIgniter->runController(Object(App\Controllers\Home))
 4 SYSTEMPATH/CodeIgniter.php(366): CodeIgniter\CodeIgniter->handleRequest(null, Object(Config\Cache), false)
 5 FCPATH/index.php(67): CodeIgniter\CodeIgniter->run()
CRITICAL - 2024-04-29 17:35:13 --> Undefined property: App\Controllers\Home::$load
in APPPATH/Controllers/Home.php on line 19.
 1 APPPATH/Controllers/Home.php(19): CodeIgniter\Debug\Exceptions->errorHandler(2, 'Undefined property: App\\Controllers\\Home::$load', '/Applications/MAMP/htdocs/safer-delivery/app/Controllers/Home.php', 19)
 2 SYSTEMPATH/CodeIgniter.php(932): App\Controllers\Home->submitStep1()
 3 SYSTEMPATH/CodeIgniter.php(497): CodeIgniter\CodeIgniter->runController(Object(App\Controllers\Home))
 4 SYSTEMPATH/CodeIgniter.php(366): CodeIgniter\CodeIgniter->handleRequest(null, Object(Config\Cache), false)
 5 FCPATH/index.php(67): CodeIgniter\CodeIgniter->run()
CRITICAL - 2024-04-29 17:35:15 --> Undefined property: App\Controllers\Home::$load
in APPPATH/Controllers/Home.php on line 19.
 1 APPPATH/Controllers/Home.php(19): CodeIgniter\Debug\Exceptions->errorHandler(2, 'Undefined property: App\\Controllers\\Home::$load', '/Applications/MAMP/htdocs/safer-delivery/app/Controllers/Home.php', 19)
 2 SYSTEMPATH/CodeIgniter.php(932): App\Controllers\Home->submitStep1()
 3 SYSTEMPATH/CodeIgniter.php(497): CodeIgniter\CodeIgniter->runController(Object(App\Controllers\Home))
 4 SYSTEMPATH/CodeIgniter.php(366): CodeIgniter\CodeIgniter->handleRequest(null, Object(Config\Cache), false)
 5 FCPATH/index.php(67): CodeIgniter\CodeIgniter->run()
CRITICAL - 2024-04-29 17:35:36 --> Undefined property: App\Controllers\Home::$load
in APPPATH/Controllers/Home.php on line 20.
 1 APPPATH/Controllers/Home.php(20): CodeIgniter\Debug\Exceptions->errorHandler(2, 'Undefined property: App\\Controllers\\Home::$load', '/Applications/MAMP/htdocs/safer-delivery/app/Controllers/Home.php', 20)
 2 SYSTEMPATH/CodeIgniter.php(932): App\Controllers\Home->submitStep1()
 3 SYSTEMPATH/CodeIgniter.php(497): CodeIgniter\CodeIgniter->runController(Object(App\Controllers\Home))
 4 SYSTEMPATH/CodeIgniter.php(366): CodeIgniter\CodeIgniter->handleRequest(null, Object(Config\Cache), false)
 5 FCPATH/index.php(67): CodeIgniter\CodeIgniter->run()
CRITICAL - 2024-04-29 17:35:38 --> Undefined property: App\Controllers\Home::$load
in APPPATH/Controllers/Home.php on line 20.
 1 APPPATH/Controllers/Home.php(20): CodeIgniter\Debug\Exceptions->errorHandler(2, 'Undefined property: App\\Controllers\\Home::$load', '/Applications/MAMP/htdocs/safer-delivery/app/Controllers/Home.php', 20)
 2 SYSTEMPATH/CodeIgniter.php(932): App\Controllers\Home->submitStep1()
 3 SYSTEMPATH/CodeIgniter.php(497): CodeIgniter\CodeIgniter->runController(Object(App\Controllers\Home))
 4 SYSTEMPATH/CodeIgniter.php(366): CodeIgniter\CodeIgniter->handleRequest(null, Object(Config\Cache), false)
 5 FCPATH/index.php(67): CodeIgniter\CodeIgniter->run()
CRITICAL - 2024-04-29 17:35:39 --> Undefined property: App\Controllers\Home::$load
in APPPATH/Controllers/Home.php on line 20.
 1 APPPATH/Controllers/Home.php(20): CodeIgniter\Debug\Exceptions->errorHandler(2, 'Undefined property: App\\Controllers\\Home::$load', '/Applications/MAMP/htdocs/safer-delivery/app/Controllers/Home.php', 20)
 2 SYSTEMPATH/CodeIgniter.php(932): App\Controllers\Home->submitStep1()
 3 SYSTEMPATH/CodeIgniter.php(497): CodeIgniter\CodeIgniter->runController(Object(App\Controllers\Home))
 4 SYSTEMPATH/CodeIgniter.php(366): CodeIgniter\CodeIgniter->handleRequest(null, Object(Config\Cache), false)
 5 FCPATH/index.php(67): CodeIgniter\CodeIgniter->run()
CRITICAL - 2024-04-29 17:35:39 --> Undefined property: App\Controllers\Home::$load
in APPPATH/Controllers/Home.php on line 20.
 1 APPPATH/Controllers/Home.php(20): CodeIgniter\Debug\Exceptions->errorHandler(2, 'Undefined property: App\\Controllers\\Home::$load', '/Applications/MAMP/htdocs/safer-delivery/app/Controllers/Home.php', 20)
 2 SYSTEMPATH/CodeIgniter.php(932): App\Controllers\Home->submitStep1()
 3 SYSTEMPATH/CodeIgniter.php(497): CodeIgniter\CodeIgniter->runController(Object(App\Controllers\Home))
 4 SYSTEMPATH/CodeIgniter.php(366): CodeIgniter\CodeIgniter->handleRequest(null, Object(Config\Cache), false)
 5 FCPATH/index.php(67): CodeIgniter\CodeIgniter->run()
CRITICAL - 2024-04-29 17:35:39 --> Undefined property: App\Controllers\Home::$load
in APPPATH/Controllers/Home.php on line 20.
 1 APPPATH/Controllers/Home.php(20): CodeIgniter\Debug\Exceptions->errorHandler(2, 'Undefined property: App\\Controllers\\Home::$load', '/Applications/MAMP/htdocs/safer-delivery/app/Controllers/Home.php', 20)
 2 SYSTEMPATH/CodeIgniter.php(932): App\Controllers\Home->submitStep1()
 3 SYSTEMPATH/CodeIgniter.php(497): CodeIgniter\CodeIgniter->runController(Object(App\Controllers\Home))
 4 SYSTEMPATH/CodeIgniter.php(366): CodeIgniter\CodeIgniter->handleRequest(null, Object(Config\Cache), false)
 5 FCPATH/index.php(67): CodeIgniter\CodeIgniter->run()
CRITICAL - 2024-04-29 17:36:46 --> Undefined property: App\Controllers\Home::$load
in APPPATH/Controllers/Home.php on line 19.
 1 APPPATH/Controllers/Home.php(19): CodeIgniter\Debug\Exceptions->errorHandler(2, 'Undefined property: App\\Controllers\\Home::$load', '/Applications/MAMP/htdocs/safer-delivery/app/Controllers/Home.php', 19)
 2 SYSTEMPATH/CodeIgniter.php(932): App\Controllers\Home->submitStep1()
 3 SYSTEMPATH/CodeIgniter.php(497): CodeIgniter\CodeIgniter->runController(Object(App\Controllers\Home))
 4 SYSTEMPATH/CodeIgniter.php(366): CodeIgniter\CodeIgniter->handleRequest(null, Object(Config\Cache), false)
 5 FCPATH/index.php(67): CodeIgniter\CodeIgniter->run()
CRITICAL - 2024-04-29 17:36:50 --> Undefined property: App\Controllers\Home::$load
in APPPATH/Controllers/Home.php on line 19.
 1 APPPATH/Controllers/Home.php(19): CodeIgniter\Debug\Exceptions->errorHandler(2, 'Undefined property: App\\Controllers\\Home::$load', '/Applications/MAMP/htdocs/safer-delivery/app/Controllers/Home.php', 19)
 2 SYSTEMPATH/CodeIgniter.php(932): App\Controllers\Home->submitStep1()
 3 SYSTEMPATH/CodeIgniter.php(497): CodeIgniter\CodeIgniter->runController(Object(App\Controllers\Home))
 4 SYSTEMPATH/CodeIgniter.php(366): CodeIgniter\CodeIgniter->handleRequest(null, Object(Config\Cache), false)
 5 FCPATH/index.php(67): CodeIgniter\CodeIgniter->run()
CRITICAL - 2024-04-29 17:37:13 --> Undefined property: App\Controllers\Home::$load
in APPPATH/Controllers/Home.php on line 19.
 1 APPPATH/Controllers/Home.php(19): CodeIgniter\Debug\Exceptions->errorHandler(2, 'Undefined property: App\\Controllers\\Home::$load', '/Applications/MAMP/htdocs/safer-delivery/app/Controllers/Home.php', 19)
 2 SYSTEMPATH/CodeIgniter.php(932): App\Controllers\Home->submitStep1()
 3 SYSTEMPATH/CodeIgniter.php(497): CodeIgniter\CodeIgniter->runController(Object(App\Controllers\Home))
 4 SYSTEMPATH/CodeIgniter.php(366): CodeIgniter\CodeIgniter->handleRequest(null, Object(Config\Cache), false)
 5 FCPATH/index.php(67): CodeIgniter\CodeIgniter->run()
CRITICAL - 2024-04-29 18:15:34 --> Undefined property: App\Controllers\Home::$load
in APPPATH/Controllers/Home.php on line 19.
 1 APPPATH/Controllers/Home.php(19): CodeIgniter\Debug\Exceptions->errorHandler(2, 'Undefined property: App\\Controllers\\Home::$load', '/Applications/MAMP/htdocs/safer-delivery/app/Controllers/Home.php', 19)
 2 SYSTEMPATH/CodeIgniter.php(932): App\Controllers\Home->submitStep1()
 3 SYSTEMPATH/CodeIgniter.php(497): CodeIgniter\CodeIgniter->runController(Object(App\Controllers\Home))
 4 SYSTEMPATH/CodeIgniter.php(366): CodeIgniter\CodeIgniter->handleRequest(null, Object(Config\Cache), false)
 5 FCPATH/index.php(67): CodeIgniter\CodeIgniter->run()
